INFO : ------------------------------------------
INFO : Date =>2015-12-30 07:34:40
INFO : Remote Address =>46.59.166.103
INFO : PHP Scritp Name =>/dual_referral_hospital_UI/del_hospital_docs.php
INFO : Type of Request =>GET
INFO : ------------------------------------------
INFO : Date =>2015-12-30 07:34:43
INFO : Remote Address =>46.59.166.103
INFO : PHP Scritp Name =>/dual_referral_hospital_UI/delete_referring_docs.php
INFO : Type of Request =>GET
INFO : query_update------------>update referral_mapping set referring_doctor_id='' where hospital_id='' and referring_doctor_id=''
INFO : ------------------------------------------
INFO : Date =>2015-12-30 07:38:25
INFO : Remote Address =>46.59.166.103
INFO : ------------------------------------------
INFO : Date =>2015-12-30 07:38:25
INFO : Remote Address =>46.59.166.103
INFO : inside ios construct
INFO : PHP Scritp Name =>/dual_referral_hospital_UI/send_mobile_msg.php
INFO : Type of Request =>GET
INFO : doctor_req name
INFO : refer in count0
INFO : hospital name
INFO : ------------------------------------------
INFO : Date =>2015-12-30 07:38:34
INFO : Remote Address =>46.59.166.103
INFO : PHP Scritp Name =>/dual_referral_hospital_UI/send_personal_broadcast.php
INFO : Type of Request =>GET
INFO : ------------------------------------------
INFO : Date =>2015-12-30 07:38:34
INFO : Remote Address =>46.59.166.103
Result+{"multicast_id":5476981653996723426,"success":0,"failure":1,"canonical_ids":0,"results":[{"error":"MissingRegistration"}]} 
INFO : result
INFO : ------------------------------------------
INFO : Date =>2015-12-30 07:38:39
INFO : Remote Address =>46.59.166.103
INFO : ------------------------------------------
INFO : Date =>2015-12-30 07:38:39
INFO : Remote Address =>46.59.166.103
INFO : inside ios construct
INFO : PHP Scritp Name =>/dual_referral_hospital_UI/updatehospitaladminpass.php
INFO : Type of Request =>GET
INFO : before post
INFO : received post
INFO : ------------------------------------------
INFO : Date =>2015-12-30 15:13:57
INFO : Remote Address =>103.230.222.86
INFO : PHP Scritp Name =>/dual_referral_hospital_UI/doc_registration_UI.php
INFO : Type of Request =>POST
INFO : POST data mobile9620281969
INFO : POST data Array
INFO : not unique data *******************************
INFO query: insert into doctor_stub (Doctor_Title,Doctor_name, Doctor_dob, Doctor_email, Doctor_specialization, Doctor_qualification, Doctor_HospitalName,Doctor_Country,Doctor_State,Doctor_City,Doctor_Address, Doctor_mobile_number, Doctor_password, Doctor_photograph,Doctor_yxp,license_number,visibility,my_type,country_code) values('Dr.','Whitefield Columbia Asia','48','nupur.t@columbiaasia.com','Medical Services','MBBS,MHA','Whitefield-Columbia Asia','India','Karnataka','Bangalore','Whitefield Bangalore','9620281969',md5('nupur123'),'account_image.png','20','111','1','I am a doctor','+91')
calling mobile msg 
calling mobile msgWhitefield-Columbia Asia - Your username is 9620281969 and password is nupur123 
INFO : ------------------------------------------
INFO : Date =>2015-12-30 15:18:34
INFO : Remote Address =>103.230.222.86
INFO : PHP Scritp Name =>/dual_referral_hospital_UI/hospital_user_registration_UI.php
INFO : Type of Request =>POST
INFO : insert query=>insert into doctor_stub (Doctor_Title,Doctor_name, Doctor_dob, Doctor_email, Doctor_specialization, Doctor_qualification, Doctor_HospitalName,Doctor_Country,Doctor_State,Doctor_City,Doctor_Address, Doctor_mobile_number, Doctor_password, Doctor_photograph,Doctor_yxp,license_number,visibility,type_value,country_code) values('Mr.','Satyanarayana','','satyanarayan.s@columbiaasia.com','','','','','','','','8050745242',md5('80507'),'account_image.png','19','','0','hospital_user','')
INFO : ------------------------------------------
INFO : Date =>2015-12-30 15:32:59
INFO : Remote Address =>103.230.222.86
INFO : PHP Scritp Name =>/dual_referral_hospital_UI/del_hospital_docs.php
INFO : Type of Request =>POST
INFO : ------------------------------------------
INFO : Date =>2015-12-30 15:33:59
INFO : Remote Address =>103.230.222.86
INFO : PHP Scritp Name =>/dual_referral_hospital_UI/hospital_user_registration_UI.php
INFO : Type of Request =>POST
INFO : insert query=>insert into doctor_stub (Doctor_Title,Doctor_name, Doctor_dob, Doctor_email, Doctor_specialization, Doctor_qualification, Doctor_HospitalName,Doctor_Country,Doctor_State,Doctor_City,Doctor_Address, Doctor_mobile_number, Doctor_password, Doctor_photograph,Doctor_yxp,license_number,visibility,type_value,country_code) values('Mr.','sachin medisense','','sachin.checkin@gmail.com','','','','','','','','7026646022',md5('11111'),'account_image.png','18','','0','hospital_user','')
INFO : ------------------------------------------
INFO : Date =>2015-12-30 15:34:22
INFO : Remote Address =>103.230.222.86
INFO : PHP Scritp Name =>/dual_referral_hospital_UI/updateHospitalUserMapping.php
INFO : Type of Request =>POST
INFO : after post
INFO : received post332hospital_id18referring_doc_id50
INFO : ------------------------------------------
INFO : Date =>2015-12-30 15:35:32
INFO : Remote Address =>103.230.222.86
INFO : PHP Scritp Name =>/dual_referral_hospital_UI/add_trans_admin.php
INFO : Type of Request =>POST
INFO : before post
INFO : received posthos_doc_Id==>50ref_doc_id==>2
INFO : received name and mobile number
INFO : login gcm_id
INFO : refer in count0
INFO : sql messageinsert into patient_stub (Patient_Name, Patient_Age, Patient_Gender, Patient_Location, Patient_mobile_number, Patient_issue_notes, Reg_by_doc, Patient_defined_notes, doc_ref_id,hospital_id_transaction,created_by) values('test ','12','Male','bangalore','9880130842','test','50','test','2',18,'Admin')
INFO : patient inserted
INFO : patient inserted id =>578
INFO : get count hospital_id =>1
INFO : hospital_id =>18
INFO : query_get_referral_map =>select * from referral_mapping where hospital_id='18' and referring_doctor_id='50'
INFO : rows ****** =>1
INFO : hospital_id******** =>33237
INFO : insertion in referral_mapping_patient_stub done
INFO : inside success
INFO : ------------------------------------------
INFO : Date =>2015-12-30 15:35:32
INFO : Remote Address =>103.230.222.86
Result+{"multicast_id":8274967218063705918,"success":0,"failure":1,"canonical_ids":0,"results":[{"error":"InvalidRegistration"}]} 
INFO : ------------------------------------------
INFO : Date =>2015-12-30 15:38:13
INFO : Remote Address =>103.230.222.86
INFO : PHP Scritp Name =>/dual_referral_hospital_UI/update_secondary_status.php
INFO : Type of Request =>POST
INFO : before post
INFO : received post
INFO for query: select tmp.*,sd.Doctor_mobile_number as Ref_mob_number,sd.Doctor_Title as Ref_Title,sd.Doctor_name as Ref_name,sd.Doctor_email as Ref_email from doctor_stub sd inner join (SELECT ps.patient_thread_id,ps.Patient_Name ,ps.reg_by_doc,ps.doc_ref_id,ds.Doctor_Title as Reg_Title,ds.Doctor_name as Reg_name,ds.Doctor_mobile_number as Reg_mobnumber,ds.Doctor_email as Reg_email FROM `patient_stub` ps inner join doctor_stub ds on ps.reg_by_doc=ds.Doctor_serial_id where ps.patient_thread_id= '578')as tmp on tmp.doc_ref_id=sd.Doctor_serial_id
INFO : ------------------------------------------
INFO : Date =>2015-12-30 21:37:53
INFO : Remote Address =>219.91.218.216
INFO : PHP Scritp Name =>/dual_referral_hospital_UI/hospital_user_registration_UI.php
INFO : Type of Request =>POST
INFO : insert query=>insert into doctor_stub (Doctor_Title,Doctor_name, Doctor_dob, Doctor_email, Doctor_specialization, Doctor_qualification, Doctor_HospitalName,Doctor_Country,Doctor_State,Doctor_City,Doctor_Address, Doctor_mobile_number, Doctor_password, Doctor_photograph,Doctor_yxp,license_number,visibility,type_value,country_code) values('Mr.','Fatima Solapure','','testsolapur@gmail.com','','','','','','','','9620903650',md5('11111'),'account_image.png','18','','0','hospital_user','')
INFO : ------------------------------------------
INFO : Date =>2015-12-30 21:39:38
INFO : Remote Address =>219.91.218.216
INFO : PHP Scritp Name =>/dual_referral_hospital_UI/hospital_user_registration_UI.php
INFO : Type of Request =>POST
INFO : ------------------------------------------
INFO : Date =>2015-12-30 21:39:51
INFO : Remote Address =>219.91.218.216
INFO : PHP Scritp Name =>/dual_referral_hospital_UI/hospital_user_registration_UI.php
INFO : Type of Request =>POST
INFO : ------------------------------------------
INFO : Date =>2015-12-30 21:53:53
INFO : Remote Address =>219.91.218.216
INFO : PHP Scritp Name =>/dual_referral_hospital_UI/updateHospitalUserMapping.php
INFO : Type of Request =>POST
INFO : after post
INFO : received post333hospital_id18referring_doc_id50
INFO : ------------------------------------------
INFO : Date =>2015-12-30 21:55:24
INFO : Remote Address =>219.91.218.216
INFO : PHP Scritp Name =>/dual_referral_hospital_UI/updateHospitalUserMapping.php
INFO : Type of Request =>POST
INFO : after post
INFO : received post333hospital_id18referring_doc_id50
INFO : ------------------------------------------
INFO : Date =>2015-12-30 22:39:09
INFO : Remote Address =>219.91.218.216
INFO : PHP Scritp Name =>/dual_referral_hospital_UI/updateHospitalUserMapping.php
INFO : Type of Request =>POST
INFO : after post
INFO : received post333hospital_id18referring_doc_id50
INFO : ------------------------------------------
INFO : Date =>2015-12-30 22:40:30
INFO : Remote Address =>219.91.218.216
INFO : PHP Scritp Name =>/dual_referral_hospital_UI/deleteHospitalUserMapping.php
INFO : Type of Request =>POST
INFO : after post
INFO : received post333hospital_id18referring_doc_id50
INFO : ------------------------------------------
INFO : Date =>2015-12-30 22:40:37
INFO : Remote Address =>219.91.218.216
INFO : PHP Scritp Name =>/dual_referral_hospital_UI/updateHospitalUserMapping.php
INFO : Type of Request =>POST
INFO : after post
INFO : received post333hospital_id18referring_doc_id50
INFO : ------------------------------------------
INFO : Date =>2015-12-30 23:06:53
INFO : Remote Address =>219.91.218.216
INFO : PHP Scritp Name =>/dual_referral_hospital_UI/updateTransactionMessageInfo.php
INFO : Type of Request =>POST
INFO : ------------------------------------------
INFO : Date =>2015-12-30 23:06:53
INFO : Remote Address =>219.91.218.216
INFO : inside ios construct
INFO : PHP Scritp Name =>/dual_referral_hospital_UI/updateTransactionMessageInfo.php
INFO : Type of Request =>POST
INFO : data for gcmAndroidRef***==>IOS
INFO : ****message inserted****
INFO : inside push Android mobile numberAPA91bEbzPUx_kXMaTSjN2TCD_COKEb96c-cAKsn5MzdNTZpulelqfo-M0W3KGZxkt_yvRvliDxeWen-1Qd-9p8L7BZI4wN2xstN5Dy6LWOAg5P1QhuJiRfzrdN9qim4WR2ayQ5BPbCZ
INFO : inside push Android mobile number before gcm
INFO : ------------------------------------------
INFO : Date =>2015-12-30 23:06:53
INFO : Remote Address =>219.91.218.216
Result+{"multicast_id":4821243178350930450,"success":1,"failure":0,"canonical_ids":0,"results":[{"message_id":"0:1451497013371954%1927fc30f9fd7ecd"}]} 
INFO : inside push Android mobile number after gcm
INFO : result
INFO : ------------------------------------------
INFO : Date =>2015-12-30 23:09:36
INFO : Remote Address =>219.91.218.216
INFO : PHP Scritp Name =>/dual_referral_hospital_UI/updateTransactionMessageInfo.php
INFO : Type of Request =>POST
INFO : ------------------------------------------
INFO : Date =>2015-12-30 23:09:36
INFO : Remote Address =>219.91.218.216
INFO : inside ios construct
INFO : PHP Scritp Name =>/dual_referral_hospital_UI/updateTransactionMessageInfo.php
INFO : Type of Request =>POST
INFO : data for gcmAndroidRef***==>IOS
INFO : ****message inserted****
INFO : inside push Android mobile numberAPA91bEbzPUx_kXMaTSjN2TCD_COKEb96c-cAKsn5MzdNTZpulelqfo-M0W3KGZxkt_yvRvliDxeWen-1Qd-9p8L7BZI4wN2xstN5Dy6LWOAg5P1QhuJiRfzrdN9qim4WR2ayQ5BPbCZ
INFO : inside push Android mobile number before gcm
INFO : ------------------------------------------
INFO : Date =>2015-12-30 23:09:36
INFO : Remote Address =>219.91.218.216
Result+{"multicast_id":7047477188229009594,"success":1,"failure":0,"canonical_ids":0,"results":[{"message_id":"0:1451497176676097%1927fc30f9fd7ecd"}]} 
INFO : inside push Android mobile number after gcm
INFO : result
INFO : ------------------------------------------
INFO : Date =>2015-12-30 23:10:30
INFO : Remote Address =>219.91.218.216
INFO : PHP Scritp Name =>/dual_referral_hospital_UI/updateTransactionMessageInfo.php
INFO : Type of Request =>POST
INFO : ------------------------------------------
INFO : Date =>2015-12-30 23:10:30
INFO : Remote Address =>219.91.218.216
INFO : inside ios construct
INFO : PHP Scritp Name =>/dual_referral_hospital_UI/updateTransactionMessageInfo.php
INFO : Type of Request =>POST
INFO : data for gcmAndroidRef***==>IOS
INFO : ****message inserted****
INFO : inside push Android mobile numberAPA91bEbzPUx_kXMaTSjN2TCD_COKEb96c-cAKsn5MzdNTZpulelqfo-M0W3KGZxkt_yvRvliDxeWen-1Qd-9p8L7BZI4wN2xstN5Dy6LWOAg5P1QhuJiRfzrdN9qim4WR2ayQ5BPbCZ
INFO : inside push Android mobile number before gcm
INFO : ------------------------------------------
INFO : Date =>2015-12-30 23:10:30
INFO : Remote Address =>219.91.218.216
Result+{"multicast_id":5890437309207503857,"success":1,"failure":0,"canonical_ids":0,"results":[{"message_id":"0:1451497230371302%1927fc30f9fd7ecd"}]} 
INFO : inside push Android mobile number after gcm
INFO : result
