INFO : ------------------------------------------
INFO : Date =>2015-12-23 09:56:17
INFO : Remote Address =>1.186.28.220
INFO : PHP Scritp Name =>/dual_referral_hospital_UI/add_trans_admin.php
INFO : Type of Request =>POST
INFO : before post
INFO : received posthos_doc_Id==>243ref_doc_id==>3
INFO : received name and mobile number
INFO : login gcm_id
INFO : refer in count0
INFO : sql messageinsert into patient_stub (Patient_Name, Patient_Age, Patient_Gender, Patient_Location, Patient_mobile_number, Patient_issue_notes, Reg_by_doc, Patient_defined_notes, doc_ref_id,hospital_id_transaction,created_by) values('susheela','30','Female','Udupi','9535607535','Infertility','243','Infertility','3',13,'Admin')
INFO : patient inserted
INFO : patient inserted id =>562
INFO : get count hospital_id =>1
INFO : hospital_id =>13
INFO : query_get_referral_map =>select * from referral_mapping where hospital_id='13' and referring_doctor_id='243'
INFO : rows ****** =>0
INFO : inside success
INFO : ------------------------------------------
INFO : Date =>2015-12-23 09:56:18
INFO : Remote Address =>1.186.28.220
Result+{"multicast_id":5695156457291377743,"success":0,"failure":1,"canonical_ids":0,"results":[{"error":"InvalidRegistration"}]} 
INFO : ------------------------------------------
INFO : Date =>2015-12-23 10:37:28
INFO : Remote Address =>103.230.222.86
INFO : PHP Scritp Name =>/dual_referral_hospital_UI/add_trans_admin.php
INFO : Type of Request =>POST
INFO : before post
INFO : received posthos_doc_Id==>302ref_doc_id==>68
INFO : received name and mobile number
INFO : login gcm_id
INFO : refer in count0
INFO : sql messageinsert into patient_stub (Patient_Name, Patient_Age, Patient_Gender, Patient_Location, Patient_mobile_number, Patient_issue_notes, Reg_by_doc, Patient_defined_notes, doc_ref_id,hospital_id_transaction,created_by) values('Ramiah','37','Male','Shimogga','9880130842','Cardio','302','Cardio','68',5,'Admin')
INFO : patient inserted
INFO : patient inserted id =>563
INFO : get count hospital_id =>1
INFO : hospital_id =>5
INFO : query_get_referral_map =>select * from referral_mapping where hospital_id='5' and referring_doctor_id='302'
INFO : rows ****** =>0
INFO : inside success
INFO : ------------------------------------------
INFO : Date =>2015-12-23 10:37:28
INFO : Remote Address =>103.230.222.86
Result+{"multicast_id":6984319886785734673,"success":0,"failure":1,"canonical_ids":0,"results":[{"error":"InvalidRegistration"}]} 
INFO : ------------------------------------------
INFO : Date =>2015-12-23 10:38:32
INFO : Remote Address =>103.230.222.86
INFO : PHP Scritp Name =>/dual_referral_hospital_UI/update_secondary_status.php
INFO : Type of Request =>POST
INFO : before post
INFO : received post
INFO for query: select tmp.*,sd.Doctor_mobile_number as Ref_mob_number,sd.Doctor_Title as Ref_Title,sd.Doctor_name as Ref_name,sd.Doctor_email as Ref_email from doctor_stub sd inner join (SELECT ps.patient_thread_id,ps.Patient_Name ,ps.reg_by_doc,ps.doc_ref_id,ds.Doctor_Title as Reg_Title,ds.Doctor_name as Reg_name,ds.Doctor_mobile_number as Reg_mobnumber,ds.Doctor_email as Reg_email FROM `patient_stub` ps inner join doctor_stub ds on ps.reg_by_doc=ds.Doctor_serial_id where ps.patient_thread_id= '563')as tmp on tmp.doc_ref_id=sd.Doctor_serial_id
INFO : ------------------------------------------
INFO : Date =>2015-12-23 10:38:51
INFO : Remote Address =>103.230.222.86
INFO : PHP Scritp Name =>/dual_referral_hospital_UI/update_secondary_status.php
INFO : Type of Request =>POST
INFO : before post
INFO : received post
INFO for query: select tmp.*,sd.Doctor_mobile_number as Ref_mob_number,sd.Doctor_Title as Ref_Title,sd.Doctor_name as Ref_name,sd.Doctor_email as Ref_email from doctor_stub sd inner join (SELECT ps.patient_thread_id,ps.Patient_Name ,ps.reg_by_doc,ps.doc_ref_id,ds.Doctor_Title as Reg_Title,ds.Doctor_name as Reg_name,ds.Doctor_mobile_number as Reg_mobnumber,ds.Doctor_email as Reg_email FROM `patient_stub` ps inner join doctor_stub ds on ps.reg_by_doc=ds.Doctor_serial_id where ps.patient_thread_id= '563')as tmp on tmp.doc_ref_id=sd.Doctor_serial_id
INFO : ------------------------------------------
INFO : Date =>2015-12-23 11:06:59
INFO : Remote Address =>103.230.222.86
INFO : PHP Scritp Name =>/dual_referral_hospital_UI/del_hospital_docs.php
INFO : Type of Request =>POST
INFO : ------------------------------------------
INFO : Date =>2015-12-23 11:07:06
INFO : Remote Address =>103.230.222.86
INFO : PHP Scritp Name =>/dual_referral_hospital_UI/del_hospital_docs.php
INFO : Type of Request =>POST
