INFO : ------------------------------------------
INFO : Date =>2016-01-06 09:39:22
INFO : Remote Address =>103.230.222.86
INFO : PHP Scritp Name =>/dual_referral_hospital_UI/hospital_user_registration_UI.php
INFO : Type of Request =>POST
INFO : insert query=>insert into doctor_stub (Doctor_Title,Doctor_name, Doctor_dob, Doctor_email, Doctor_specialization, Doctor_qualification, Doctor_HospitalName,Doctor_Country,Doctor_State,Doctor_City,Doctor_Address, Doctor_mobile_number, Doctor_password, Doctor_photograph,Doctor_yxp,license_number,visibility,type_value,country_code) values('Mr.','Dipayan Rout','','dipayan.rout@columbiaasia.com','','','','','','','','9971128906',md5('99711'),'account_image.png','20','','0','hospital_user','')
INFO : ------------------------------------------
INFO : Date =>2016-01-06 09:40:43
INFO : Remote Address =>103.230.222.86
INFO : PHP Scritp Name =>/dual_referral_hospital_UI/hospital_user_registration_UI.php
INFO : Type of Request =>POST
INFO : insert query=>insert into doctor_stub (Doctor_Title,Doctor_name, Doctor_dob, Doctor_email, Doctor_specialization, Doctor_qualification, Doctor_HospitalName,Doctor_Country,Doctor_State,Doctor_City,Doctor_Address, Doctor_mobile_number, Doctor_password, Doctor_photograph,Doctor_yxp,license_number,visibility,type_value,country_code) values('Mr.','Janmejay Parida','','janmejaya.p@columbiaasia.com','','','','','','','','9810377868',md5('98103'),'account_image.png','20','','0','hospital_user','')
INFO : ------------------------------------------
INFO : Date =>2016-01-06 09:41:33
INFO : Remote Address =>103.230.222.86
INFO : PHP Scritp Name =>/dual_referral_hospital_UI/hospital_user_registration_UI.php
INFO : Type of Request =>POST
INFO : insert query=>insert into doctor_stub (Doctor_Title,Doctor_name, Doctor_dob, Doctor_email, Doctor_specialization, Doctor_qualification, Doctor_HospitalName,Doctor_Country,Doctor_State,Doctor_City,Doctor_Address, Doctor_mobile_number, Doctor_password, Doctor_photograph,Doctor_yxp,license_number,visibility,type_value,country_code) values('Mr.','Rahul Gupta','','rahul.g@columbiaasia.com','','','','','','','','8510815964',md5('85108'),'account_image.png','20','','0','hospital_user','')
INFO : ------------------------------------------
INFO : Date =>2016-01-06 09:53:16
INFO : Remote Address =>180.151.248.178
INFO : PHP Scritp Name =>/dual_referral_hospital_UI/update_secondary_status.php
INFO : Type of Request =>POST
INFO : before post
INFO : received post
INFO for query: select tmp.*,sd.Doctor_mobile_number as Ref_mob_number,sd.Doctor_Title as Ref_Title,sd.Doctor_name as Ref_name,sd.Doctor_email as Ref_email from doctor_stub sd inner join (SELECT ps.patient_thread_id,ps.Patient_Name ,ps.reg_by_doc,ps.doc_ref_id,ds.Doctor_Title as Reg_Title,ds.Doctor_name as Reg_name,ds.Doctor_mobile_number as Reg_mobnumber,ds.Doctor_email as Reg_email FROM `patient_stub` ps inner join doctor_stub ds on ps.reg_by_doc=ds.Doctor_serial_id where ps.patient_thread_id= '617')as tmp on tmp.doc_ref_id=sd.Doctor_serial_id
INFO : ------------------------------------------
INFO : Date =>2016-01-06 09:56:25
INFO : Remote Address =>103.230.222.86
INFO : PHP Scritp Name =>/dual_referral_hospital_UI/update_secondary_status.php
INFO : Type of Request =>POST
INFO : before post
INFO : received post
INFO for query: select tmp.*,sd.Doctor_mobile_number as Ref_mob_number,sd.Doctor_Title as Ref_Title,sd.Doctor_name as Ref_name,sd.Doctor_email as Ref_email from doctor_stub sd inner join (SELECT ps.patient_thread_id,ps.Patient_Name ,ps.reg_by_doc,ps.doc_ref_id,ds.Doctor_Title as Reg_Title,ds.Doctor_name as Reg_name,ds.Doctor_mobile_number as Reg_mobnumber,ds.Doctor_email as Reg_email FROM `patient_stub` ps inner join doctor_stub ds on ps.reg_by_doc=ds.Doctor_serial_id where ps.patient_thread_id= '616')as tmp on tmp.doc_ref_id=sd.Doctor_serial_id
INFO : ------------------------------------------
INFO : Date =>2016-01-06 10:01:32
INFO : Remote Address =>180.151.248.178
INFO : PHP Scritp Name =>/dual_referral_hospital_UI/update_secondary_status.php
INFO : Type of Request =>POST
INFO : before post
INFO : received post
INFO for query: select tmp.*,sd.Doctor_mobile_number as Ref_mob_number,sd.Doctor_Title as Ref_Title,sd.Doctor_name as Ref_name,sd.Doctor_email as Ref_email from doctor_stub sd inner join (SELECT ps.patient_thread_id,ps.Patient_Name ,ps.reg_by_doc,ps.doc_ref_id,ds.Doctor_Title as Reg_Title,ds.Doctor_name as Reg_name,ds.Doctor_mobile_number as Reg_mobnumber,ds.Doctor_email as Reg_email FROM `patient_stub` ps inner join doctor_stub ds on ps.reg_by_doc=ds.Doctor_serial_id where ps.patient_thread_id= '615')as tmp on tmp.doc_ref_id=sd.Doctor_serial_id
INFO : ------------------------------------------
INFO : Date =>2016-01-06 10:02:26
INFO : Remote Address =>180.151.248.178
INFO : PHP Scritp Name =>/dual_referral_hospital_UI/update_secondary_status.php
INFO : Type of Request =>POST
INFO : before post
INFO : received post
INFO for query: select tmp.*,sd.Doctor_mobile_number as Ref_mob_number,sd.Doctor_Title as Ref_Title,sd.Doctor_name as Ref_name,sd.Doctor_email as Ref_email from doctor_stub sd inner join (SELECT ps.patient_thread_id,ps.Patient_Name ,ps.reg_by_doc,ps.doc_ref_id,ds.Doctor_Title as Reg_Title,ds.Doctor_name as Reg_name,ds.Doctor_mobile_number as Reg_mobnumber,ds.Doctor_email as Reg_email FROM `patient_stub` ps inner join doctor_stub ds on ps.reg_by_doc=ds.Doctor_serial_id where ps.patient_thread_id= '614')as tmp on tmp.doc_ref_id=sd.Doctor_serial_id
INFO : ------------------------------------------
INFO : Date =>2016-01-06 10:02:43
INFO : Remote Address =>180.151.248.178
INFO : PHP Scritp Name =>/dual_referral_hospital_UI/update_secondary_status.php
INFO : Type of Request =>POST
INFO : before post
INFO : received post
INFO for query: select tmp.*,sd.Doctor_mobile_number as Ref_mob_number,sd.Doctor_Title as Ref_Title,sd.Doctor_name as Ref_name,sd.Doctor_email as Ref_email from doctor_stub sd inner join (SELECT ps.patient_thread_id,ps.Patient_Name ,ps.reg_by_doc,ps.doc_ref_id,ds.Doctor_Title as Reg_Title,ds.Doctor_name as Reg_name,ds.Doctor_mobile_number as Reg_mobnumber,ds.Doctor_email as Reg_email FROM `patient_stub` ps inner join doctor_stub ds on ps.reg_by_doc=ds.Doctor_serial_id where ps.patient_thread_id= '613')as tmp on tmp.doc_ref_id=sd.Doctor_serial_id
INFO : ------------------------------------------
INFO : Date =>2016-01-06 10:03:07
INFO : Remote Address =>180.151.248.178
INFO : PHP Scritp Name =>/dual_referral_hospital_UI/update_secondary_status.php
INFO : Type of Request =>POST
INFO : before post
INFO : received post
INFO for query: select tmp.*,sd.Doctor_mobile_number as Ref_mob_number,sd.Doctor_Title as Ref_Title,sd.Doctor_name as Ref_name,sd.Doctor_email as Ref_email from doctor_stub sd inner join (SELECT ps.patient_thread_id,ps.Patient_Name ,ps.reg_by_doc,ps.doc_ref_id,ds.Doctor_Title as Reg_Title,ds.Doctor_name as Reg_name,ds.Doctor_mobile_number as Reg_mobnumber,ds.Doctor_email as Reg_email FROM `patient_stub` ps inner join doctor_stub ds on ps.reg_by_doc=ds.Doctor_serial_id where ps.patient_thread_id= '612')as tmp on tmp.doc_ref_id=sd.Doctor_serial_id
INFO : ------------------------------------------
INFO : Date =>2016-01-06 10:03:16
INFO : Remote Address =>180.151.248.178
INFO : PHP Scritp Name =>/dual_referral_hospital_UI/update_secondary_status.php
INFO : Type of Request =>POST
INFO : before post
INFO : received post
INFO for query: select tmp.*,sd.Doctor_mobile_number as Ref_mob_number,sd.Doctor_Title as Ref_Title,sd.Doctor_name as Ref_name,sd.Doctor_email as Ref_email from doctor_stub sd inner join (SELECT ps.patient_thread_id,ps.Patient_Name ,ps.reg_by_doc,ps.doc_ref_id,ds.Doctor_Title as Reg_Title,ds.Doctor_name as Reg_name,ds.Doctor_mobile_number as Reg_mobnumber,ds.Doctor_email as Reg_email FROM `patient_stub` ps inner join doctor_stub ds on ps.reg_by_doc=ds.Doctor_serial_id where ps.patient_thread_id= '611')as tmp on tmp.doc_ref_id=sd.Doctor_serial_id
INFO : ------------------------------------------
INFO : Date =>2016-01-06 10:03:25
INFO : Remote Address =>180.151.248.178
INFO : PHP Scritp Name =>/dual_referral_hospital_UI/update_secondary_status.php
INFO : Type of Request =>POST
INFO : before post
INFO : received post
INFO for query: select tmp.*,sd.Doctor_mobile_number as Ref_mob_number,sd.Doctor_Title as Ref_Title,sd.Doctor_name as Ref_name,sd.Doctor_email as Ref_email from doctor_stub sd inner join (SELECT ps.patient_thread_id,ps.Patient_Name ,ps.reg_by_doc,ps.doc_ref_id,ds.Doctor_Title as Reg_Title,ds.Doctor_name as Reg_name,ds.Doctor_mobile_number as Reg_mobnumber,ds.Doctor_email as Reg_email FROM `patient_stub` ps inner join doctor_stub ds on ps.reg_by_doc=ds.Doctor_serial_id where ps.patient_thread_id= '610')as tmp on tmp.doc_ref_id=sd.Doctor_serial_id
INFO : ------------------------------------------
INFO : Date =>2016-01-06 10:03:38
INFO : Remote Address =>180.151.248.178
INFO : PHP Scritp Name =>/dual_referral_hospital_UI/update_secondary_status.php
INFO : Type of Request =>POST
INFO : before post
INFO : received post
INFO for query: select tmp.*,sd.Doctor_mobile_number as Ref_mob_number,sd.Doctor_Title as Ref_Title,sd.Doctor_name as Ref_name,sd.Doctor_email as Ref_email from doctor_stub sd inner join (SELECT ps.patient_thread_id,ps.Patient_Name ,ps.reg_by_doc,ps.doc_ref_id,ds.Doctor_Title as Reg_Title,ds.Doctor_name as Reg_name,ds.Doctor_mobile_number as Reg_mobnumber,ds.Doctor_email as Reg_email FROM `patient_stub` ps inner join doctor_stub ds on ps.reg_by_doc=ds.Doctor_serial_id where ps.patient_thread_id= '609')as tmp on tmp.doc_ref_id=sd.Doctor_serial_id
INFO : ------------------------------------------
INFO : Date =>2016-01-06 10:07:28
INFO : Remote Address =>180.151.248.178
INFO : PHP Scritp Name =>/dual_referral_hospital_UI/update_secondary_status.php
INFO : Type of Request =>POST
INFO : before post
INFO : received post
INFO for query: select tmp.*,sd.Doctor_mobile_number as Ref_mob_number,sd.Doctor_Title as Ref_Title,sd.Doctor_name as Ref_name,sd.Doctor_email as Ref_email from doctor_stub sd inner join (SELECT ps.patient_thread_id,ps.Patient_Name ,ps.reg_by_doc,ps.doc_ref_id,ds.Doctor_Title as Reg_Title,ds.Doctor_name as Reg_name,ds.Doctor_mobile_number as Reg_mobnumber,ds.Doctor_email as Reg_email FROM `patient_stub` ps inner join doctor_stub ds on ps.reg_by_doc=ds.Doctor_serial_id where ps.patient_thread_id= '608')as tmp on tmp.doc_ref_id=sd.Doctor_serial_id
INFO : ------------------------------------------
INFO : Date =>2016-01-06 10:07:38
INFO : Remote Address =>180.151.248.178
INFO : PHP Scritp Name =>/dual_referral_hospital_UI/update_secondary_status.php
INFO : Type of Request =>POST
INFO : before post
INFO : received post
INFO for query: select tmp.*,sd.Doctor_mobile_number as Ref_mob_number,sd.Doctor_Title as Ref_Title,sd.Doctor_name as Ref_name,sd.Doctor_email as Ref_email from doctor_stub sd inner join (SELECT ps.patient_thread_id,ps.Patient_Name ,ps.reg_by_doc,ps.doc_ref_id,ds.Doctor_Title as Reg_Title,ds.Doctor_name as Reg_name,ds.Doctor_mobile_number as Reg_mobnumber,ds.Doctor_email as Reg_email FROM `patient_stub` ps inner join doctor_stub ds on ps.reg_by_doc=ds.Doctor_serial_id where ps.patient_thread_id= '607')as tmp on tmp.doc_ref_id=sd.Doctor_serial_id
INFO : ------------------------------------------
INFO : Date =>2016-01-06 10:07:46
INFO : Remote Address =>180.151.248.178
INFO : PHP Scritp Name =>/dual_referral_hospital_UI/update_secondary_status.php
INFO : Type of Request =>POST
INFO : before post
INFO : received post
INFO for query: select tmp.*,sd.Doctor_mobile_number as Ref_mob_number,sd.Doctor_Title as Ref_Title,sd.Doctor_name as Ref_name,sd.Doctor_email as Ref_email from doctor_stub sd inner join (SELECT ps.patient_thread_id,ps.Patient_Name ,ps.reg_by_doc,ps.doc_ref_id,ds.Doctor_Title as Reg_Title,ds.Doctor_name as Reg_name,ds.Doctor_mobile_number as Reg_mobnumber,ds.Doctor_email as Reg_email FROM `patient_stub` ps inner join doctor_stub ds on ps.reg_by_doc=ds.Doctor_serial_id where ps.patient_thread_id= '606')as tmp on tmp.doc_ref_id=sd.Doctor_serial_id
INFO : ------------------------------------------
INFO : Date =>2016-01-06 10:07:58
INFO : Remote Address =>180.151.248.178
INFO : PHP Scritp Name =>/dual_referral_hospital_UI/update_secondary_status.php
INFO : Type of Request =>POST
INFO : before post
INFO : received post
INFO for query: select tmp.*,sd.Doctor_mobile_number as Ref_mob_number,sd.Doctor_Title as Ref_Title,sd.Doctor_name as Ref_name,sd.Doctor_email as Ref_email from doctor_stub sd inner join (SELECT ps.patient_thread_id,ps.Patient_Name ,ps.reg_by_doc,ps.doc_ref_id,ds.Doctor_Title as Reg_Title,ds.Doctor_name as Reg_name,ds.Doctor_mobile_number as Reg_mobnumber,ds.Doctor_email as Reg_email FROM `patient_stub` ps inner join doctor_stub ds on ps.reg_by_doc=ds.Doctor_serial_id where ps.patient_thread_id= '605')as tmp on tmp.doc_ref_id=sd.Doctor_serial_id
INFO : ------------------------------------------
INFO : Date =>2016-01-06 11:25:33
INFO : Remote Address =>103.230.222.86
INFO : PHP Scritp Name =>/dual_referral_hospital_UI/doc_registration_UI.php
INFO : Type of Request =>POST
INFO : POST data mobile8373906069
INFO : POST data Array
INFO : not unique data *******************************
INFO query: insert into doctor_stub (Doctor_Title,Doctor_name, Doctor_dob, Doctor_email, Doctor_specialization, Doctor_qualification, Doctor_HospitalName,Doctor_Country,Doctor_State,Doctor_City,Doctor_Address, Doctor_mobile_number, Doctor_password, Doctor_photograph,Doctor_yxp,license_number,visibility,my_type,country_code) values('Dr.','Palam Vihar Columbia Asia','50','customercare.palamvihar@columbiaasia.com','ALL','Hospital','Palam Vihar - Columbia Asia','India','Haryana','Gurgaon','Gurgaon','8373906069',md5('83739'),'account_image.png','20','111','1','I am a doctor','+91')
calling mobile msg 
calling mobile msgPalam Vihar - Columbia Asia - Your username is 8373906069 and password is 83739 
INFO : ------------------------------------------
INFO : Date =>2016-01-06 11:28:46
INFO : Remote Address =>180.151.248.178
INFO : PHP Scritp Name =>/dual_referral_hospital_UI/update_secondary_status.php
INFO : Type of Request =>POST
INFO : before post
INFO : received post
INFO for query: select tmp.*,sd.Doctor_mobile_number as Ref_mob_number,sd.Doctor_Title as Ref_Title,sd.Doctor_name as Ref_name,sd.Doctor_email as Ref_email from doctor_stub sd inner join (SELECT ps.patient_thread_id,ps.Patient_Name ,ps.reg_by_doc,ps.doc_ref_id,ds.Doctor_Title as Reg_Title,ds.Doctor_name as Reg_name,ds.Doctor_mobile_number as Reg_mobnumber,ds.Doctor_email as Reg_email FROM `patient_stub` ps inner join doctor_stub ds on ps.reg_by_doc=ds.Doctor_serial_id where ps.patient_thread_id= '604')as tmp on tmp.doc_ref_id=sd.Doctor_serial_id
INFO : ------------------------------------------
INFO : Date =>2016-01-06 11:28:54
INFO : Remote Address =>180.151.248.178
INFO : PHP Scritp Name =>/dual_referral_hospital_UI/update_secondary_status.php
INFO : Type of Request =>POST
INFO : before post
INFO : received post
INFO for query: select tmp.*,sd.Doctor_mobile_number as Ref_mob_number,sd.Doctor_Title as Ref_Title,sd.Doctor_name as Ref_name,sd.Doctor_email as Ref_email from doctor_stub sd inner join (SELECT ps.patient_thread_id,ps.Patient_Name ,ps.reg_by_doc,ps.doc_ref_id,ds.Doctor_Title as Reg_Title,ds.Doctor_name as Reg_name,ds.Doctor_mobile_number as Reg_mobnumber,ds.Doctor_email as Reg_email FROM `patient_stub` ps inner join doctor_stub ds on ps.reg_by_doc=ds.Doctor_serial_id where ps.patient_thread_id= '603')as tmp on tmp.doc_ref_id=sd.Doctor_serial_id
INFO : ------------------------------------------
INFO : Date =>2016-01-06 11:29:02
INFO : Remote Address =>180.151.248.178
INFO : PHP Scritp Name =>/dual_referral_hospital_UI/update_secondary_status.php
INFO : Type of Request =>POST
INFO : before post
INFO : received post
INFO for query: select tmp.*,sd.Doctor_mobile_number as Ref_mob_number,sd.Doctor_Title as Ref_Title,sd.Doctor_name as Ref_name,sd.Doctor_email as Ref_email from doctor_stub sd inner join (SELECT ps.patient_thread_id,ps.Patient_Name ,ps.reg_by_doc,ps.doc_ref_id,ds.Doctor_Title as Reg_Title,ds.Doctor_name as Reg_name,ds.Doctor_mobile_number as Reg_mobnumber,ds.Doctor_email as Reg_email FROM `patient_stub` ps inner join doctor_stub ds on ps.reg_by_doc=ds.Doctor_serial_id where ps.patient_thread_id= '602')as tmp on tmp.doc_ref_id=sd.Doctor_serial_id
INFO : ------------------------------------------
INFO : Date =>2016-01-06 11:29:09
INFO : Remote Address =>180.151.248.178
INFO : PHP Scritp Name =>/dual_referral_hospital_UI/update_secondary_status.php
INFO : Type of Request =>POST
INFO : before post
INFO : received post
INFO for query: select tmp.*,sd.Doctor_mobile_number as Ref_mob_number,sd.Doctor_Title as Ref_Title,sd.Doctor_name as Ref_name,sd.Doctor_email as Ref_email from doctor_stub sd inner join (SELECT ps.patient_thread_id,ps.Patient_Name ,ps.reg_by_doc,ps.doc_ref_id,ds.Doctor_Title as Reg_Title,ds.Doctor_name as Reg_name,ds.Doctor_mobile_number as Reg_mobnumber,ds.Doctor_email as Reg_email FROM `patient_stub` ps inner join doctor_stub ds on ps.reg_by_doc=ds.Doctor_serial_id where ps.patient_thread_id= '601')as tmp on tmp.doc_ref_id=sd.Doctor_serial_id
INFO : ------------------------------------------
INFO : Date =>2016-01-06 11:29:18
INFO : Remote Address =>180.151.248.178
INFO : PHP Scritp Name =>/dual_referral_hospital_UI/update_secondary_status.php
INFO : Type of Request =>POST
INFO : before post
INFO : received post
INFO for query: select tmp.*,sd.Doctor_mobile_number as Ref_mob_number,sd.Doctor_Title as Ref_Title,sd.Doctor_name as Ref_name,sd.Doctor_email as Ref_email from doctor_stub sd inner join (SELECT ps.patient_thread_id,ps.Patient_Name ,ps.reg_by_doc,ps.doc_ref_id,ds.Doctor_Title as Reg_Title,ds.Doctor_name as Reg_name,ds.Doctor_mobile_number as Reg_mobnumber,ds.Doctor_email as Reg_email FROM `patient_stub` ps inner join doctor_stub ds on ps.reg_by_doc=ds.Doctor_serial_id where ps.patient_thread_id= '600')as tmp on tmp.doc_ref_id=sd.Doctor_serial_id
INFO : ------------------------------------------
INFO : Date =>2016-01-06 11:29:28
INFO : Remote Address =>180.151.248.178
INFO : PHP Scritp Name =>/dual_referral_hospital_UI/update_secondary_status.php
INFO : Type of Request =>POST
INFO : before post
INFO : received post
INFO for query: select tmp.*,sd.Doctor_mobile_number as Ref_mob_number,sd.Doctor_Title as Ref_Title,sd.Doctor_name as Ref_name,sd.Doctor_email as Ref_email from doctor_stub sd inner join (SELECT ps.patient_thread_id,ps.Patient_Name ,ps.reg_by_doc,ps.doc_ref_id,ds.Doctor_Title as Reg_Title,ds.Doctor_name as Reg_name,ds.Doctor_mobile_number as Reg_mobnumber,ds.Doctor_email as Reg_email FROM `patient_stub` ps inner join doctor_stub ds on ps.reg_by_doc=ds.Doctor_serial_id where ps.patient_thread_id= '599')as tmp on tmp.doc_ref_id=sd.Doctor_serial_id
INFO : ------------------------------------------
INFO : Date =>2016-01-06 11:29:34
INFO : Remote Address =>180.151.248.178
INFO : PHP Scritp Name =>/dual_referral_hospital_UI/update_secondary_status.php
INFO : Type of Request =>POST
INFO : before post
INFO : received post
INFO for query: select tmp.*,sd.Doctor_mobile_number as Ref_mob_number,sd.Doctor_Title as Ref_Title,sd.Doctor_name as Ref_name,sd.Doctor_email as Ref_email from doctor_stub sd inner join (SELECT ps.patient_thread_id,ps.Patient_Name ,ps.reg_by_doc,ps.doc_ref_id,ds.Doctor_Title as Reg_Title,ds.Doctor_name as Reg_name,ds.Doctor_mobile_number as Reg_mobnumber,ds.Doctor_email as Reg_email FROM `patient_stub` ps inner join doctor_stub ds on ps.reg_by_doc=ds.Doctor_serial_id where ps.patient_thread_id= '598')as tmp on tmp.doc_ref_id=sd.Doctor_serial_id
INFO : ------------------------------------------
INFO : Date =>2016-01-06 11:29:42
INFO : Remote Address =>180.151.248.178
INFO : PHP Scritp Name =>/dual_referral_hospital_UI/update_secondary_status.php
INFO : Type of Request =>POST
INFO : before post
INFO : received post
INFO for query: select tmp.*,sd.Doctor_mobile_number as Ref_mob_number,sd.Doctor_Title as Ref_Title,sd.Doctor_name as Ref_name,sd.Doctor_email as Ref_email from doctor_stub sd inner join (SELECT ps.patient_thread_id,ps.Patient_Name ,ps.reg_by_doc,ps.doc_ref_id,ds.Doctor_Title as Reg_Title,ds.Doctor_name as Reg_name,ds.Doctor_mobile_number as Reg_mobnumber,ds.Doctor_email as Reg_email FROM `patient_stub` ps inner join doctor_stub ds on ps.reg_by_doc=ds.Doctor_serial_id where ps.patient_thread_id= '597')as tmp on tmp.doc_ref_id=sd.Doctor_serial_id
INFO : ------------------------------------------
INFO : Date =>2016-01-06 11:29:49
INFO : Remote Address =>180.151.248.178
INFO : PHP Scritp Name =>/dual_referral_hospital_UI/update_secondary_status.php
INFO : Type of Request =>POST
INFO : before post
INFO : received post
INFO for query: select tmp.*,sd.Doctor_mobile_number as Ref_mob_number,sd.Doctor_Title as Ref_Title,sd.Doctor_name as Ref_name,sd.Doctor_email as Ref_email from doctor_stub sd inner join (SELECT ps.patient_thread_id,ps.Patient_Name ,ps.reg_by_doc,ps.doc_ref_id,ds.Doctor_Title as Reg_Title,ds.Doctor_name as Reg_name,ds.Doctor_mobile_number as Reg_mobnumber,ds.Doctor_email as Reg_email FROM `patient_stub` ps inner join doctor_stub ds on ps.reg_by_doc=ds.Doctor_serial_id where ps.patient_thread_id= '596')as tmp on tmp.doc_ref_id=sd.Doctor_serial_id
INFO : ------------------------------------------
INFO : Date =>2016-01-06 11:30:01
INFO : Remote Address =>180.151.248.178
INFO : PHP Scritp Name =>/dual_referral_hospital_UI/update_secondary_status.php
INFO : Type of Request =>POST
INFO : before post
INFO : received post
INFO for query: select tmp.*,sd.Doctor_mobile_number as Ref_mob_number,sd.Doctor_Title as Ref_Title,sd.Doctor_name as Ref_name,sd.Doctor_email as Ref_email from doctor_stub sd inner join (SELECT ps.patient_thread_id,ps.Patient_Name ,ps.reg_by_doc,ps.doc_ref_id,ds.Doctor_Title as Reg_Title,ds.Doctor_name as Reg_name,ds.Doctor_mobile_number as Reg_mobnumber,ds.Doctor_email as Reg_email FROM `patient_stub` ps inner join doctor_stub ds on ps.reg_by_doc=ds.Doctor_serial_id where ps.patient_thread_id= '595')as tmp on tmp.doc_ref_id=sd.Doctor_serial_id
INFO : ------------------------------------------
INFO : Date =>2016-01-06 11:30:08
INFO : Remote Address =>180.151.248.178
INFO : PHP Scritp Name =>/dual_referral_hospital_UI/update_secondary_status.php
INFO : Type of Request =>POST
INFO : before post
INFO : received post
INFO for query: select tmp.*,sd.Doctor_mobile_number as Ref_mob_number,sd.Doctor_Title as Ref_Title,sd.Doctor_name as Ref_name,sd.Doctor_email as Ref_email from doctor_stub sd inner join (SELECT ps.patient_thread_id,ps.Patient_Name ,ps.reg_by_doc,ps.doc_ref_id,ds.Doctor_Title as Reg_Title,ds.Doctor_name as Reg_name,ds.Doctor_mobile_number as Reg_mobnumber,ds.Doctor_email as Reg_email FROM `patient_stub` ps inner join doctor_stub ds on ps.reg_by_doc=ds.Doctor_serial_id where ps.patient_thread_id= '594')as tmp on tmp.doc_ref_id=sd.Doctor_serial_id
INFO : ------------------------------------------
INFO : Date =>2016-01-06 11:30:16
INFO : Remote Address =>180.151.248.178
INFO : PHP Scritp Name =>/dual_referral_hospital_UI/update_secondary_status.php
INFO : Type of Request =>POST
INFO : before post
INFO : received post
INFO for query: select tmp.*,sd.Doctor_mobile_number as Ref_mob_number,sd.Doctor_Title as Ref_Title,sd.Doctor_name as Ref_name,sd.Doctor_email as Ref_email from doctor_stub sd inner join (SELECT ps.patient_thread_id,ps.Patient_Name ,ps.reg_by_doc,ps.doc_ref_id,ds.Doctor_Title as Reg_Title,ds.Doctor_name as Reg_name,ds.Doctor_mobile_number as Reg_mobnumber,ds.Doctor_email as Reg_email FROM `patient_stub` ps inner join doctor_stub ds on ps.reg_by_doc=ds.Doctor_serial_id where ps.patient_thread_id= '593')as tmp on tmp.doc_ref_id=sd.Doctor_serial_id
INFO : ------------------------------------------
INFO : Date =>2016-01-06 11:31:44
INFO : Remote Address =>180.151.248.178
INFO : PHP Scritp Name =>/dual_referral_hospital_UI/update_secondary_status.php
INFO : Type of Request =>POST
INFO : before post
INFO : received post
INFO for query: select tmp.*,sd.Doctor_mobile_number as Ref_mob_number,sd.Doctor_Title as Ref_Title,sd.Doctor_name as Ref_name,sd.Doctor_email as Ref_email from doctor_stub sd inner join (SELECT ps.patient_thread_id,ps.Patient_Name ,ps.reg_by_doc,ps.doc_ref_id,ds.Doctor_Title as Reg_Title,ds.Doctor_name as Reg_name,ds.Doctor_mobile_number as Reg_mobnumber,ds.Doctor_email as Reg_email FROM `patient_stub` ps inner join doctor_stub ds on ps.reg_by_doc=ds.Doctor_serial_id where ps.patient_thread_id= '583')as tmp on tmp.doc_ref_id=sd.Doctor_serial_id
INFO : ------------------------------------------
INFO : Date =>2016-01-06 15:15:23
INFO : Remote Address =>122.179.42.220
INFO : PHP Scritp Name =>/dual_referral_hospital_UI/doc_registration_UI.php
INFO : Type of Request =>POST
INFO : POST data mobile8494941184
INFO : POST data Array
INFO :  not unique data *******************************
INFO :  doc id present is *******************************343
INFO :  count_query_unique_referout_any*******************************0
INFO :  count_query_unique_referout*******************************0
INFO :  count_query_unique_referoutINSERT INTO hospital_refer_out_doctor_stub(doctor_stub_id, hospital_id) VALUES ('343','21')
INFO :  before handling temp doctors
INFO : count handling temp doctors0
INFO : ------------------------------------------
INFO : Date =>2016-01-06 15:16:48
INFO : Remote Address =>122.179.42.220
INFO : PHP Scritp Name =>/dual_referral_hospital_UI/hospital_user_registration_UI.php
INFO : Type of Request =>POST
INFO : ------------------------------------------
INFO : Date =>2016-01-06 15:19:13
INFO : Remote Address =>122.179.42.220
INFO : PHP Scritp Name =>/dual_referral_hospital_UI/hospital_user_registration_UI.php
INFO : Type of Request =>POST
INFO : ------------------------------------------
INFO : Date =>2016-01-06 15:20:29
INFO : Remote Address =>122.179.42.220
INFO : PHP Scritp Name =>/dual_referral_hospital_UI/hospital_user_registration_UI.php
INFO : Type of Request =>POST
INFO : insert query=>insert into doctor_stub (Doctor_Title,Doctor_name, Doctor_dob, Doctor_email, Doctor_specialization, Doctor_qualification, Doctor_HospitalName,Doctor_Country,Doctor_State,Doctor_City,Doctor_Address, Doctor_mobile_number, Doctor_password, Doctor_photograph,Doctor_yxp,license_number,visibility,type_value,country_code) values('Mrs.','Shobha K','','shobha.k@columbiaasia.com','','','','','','','','9980022376',md5('22376'),'account_image.png','21','','0','hospital_user','')
INFO : ------------------------------------------
INFO : Date =>2016-01-06 15:21:23
INFO : Remote Address =>122.179.42.220
INFO : PHP Scritp Name =>/dual_referral_hospital_UI/hospital_user_registration_UI.php
INFO : Type of Request =>POST
INFO : ------------------------------------------
INFO : Date =>2016-01-06 15:32:52
INFO : Remote Address =>122.179.42.220
INFO : PHP Scritp Name =>/dual_referral_hospital_UI/updateHospitalUserMapping.php
INFO : Type of Request =>POST
INFO : after post
INFO : received post345hospital_id21referring_doc_id2
INFO : ------------------------------------------
INFO : Date =>2016-01-06 17:43:54
INFO : Remote Address =>223.238.83.127
INFO : PHP Scritp Name =>/dual_referral_hospital_UI/doc_registration_UI.php
INFO : Type of Request =>POST
INFO : POST data mobile9972596187
INFO : POST data Array
INFO : not unique data *******************************
INFO query: insert into doctor_stub (Doctor_Title,Doctor_name, Doctor_dob, Doctor_email, Doctor_specialization, Doctor_qualification, Doctor_HospitalName,Doctor_Country,Doctor_State,Doctor_City,Doctor_Address, Doctor_mobile_number, Doctor_password, Doctor_photograph,Doctor_yxp,license_number,visibility,my_type,country_code) values('Dr.','Kanchan Sanyal','60','kanchan.s@columbiaasia.com','Hospital','MBBS MD','Yeshwanthpur Columbia Asia','India','Karnataka','Yeshwanthpur Bangalore','Yeshwanthpur Bangalore','9972596187',md5('96187'),'account_image.png','35','79054','1','I am a doctor','+91')
calling mobile msg 
calling mobile msgYeshwanthpur Columbia Asia - Your username is 9972596187 and password is 96187 
INFO : ------------------------------------------
INFO : Date =>2016-01-06 17:46:40
INFO : Remote Address =>223.238.83.127
INFO : PHP Scritp Name =>/dual_referral_hospital_UI/hospital_user_registration_UI.php
INFO : Type of Request =>POST
INFO : insert query=>insert into doctor_stub (Doctor_Title,Doctor_name, Doctor_dob, Doctor_email, Doctor_specialization, Doctor_qualification, Doctor_HospitalName,Doctor_Country,Doctor_State,Doctor_City,Doctor_Address, Doctor_mobile_number, Doctor_password, Doctor_photograph,Doctor_yxp,license_number,visibility,type_value,country_code) values('Mr.','Anand Kumar','','anand.kumar@columbiaasia.com','','','','','','','','9880554656',md5('54656'),'account_image.png','22','','0','hospital_user','')
INFO : ------------------------------------------
INFO : Date =>2016-01-06 17:47:25
INFO : Remote Address =>223.238.83.127
INFO : PHP Scritp Name =>/dual_referral_hospital_UI/hospital_user_registration_UI.php
INFO : Type of Request =>POST
INFO : insert query=>insert into doctor_stub (Doctor_Title,Doctor_name, Doctor_dob, Doctor_email, Doctor_specialization, Doctor_qualification, Doctor_HospitalName,Doctor_Country,Doctor_State,Doctor_City,Doctor_Address, Doctor_mobile_number, Doctor_password, Doctor_photograph,Doctor_yxp,license_number,visibility,type_value,country_code) values('Mr.','Manju Gowda','','manju.gowda@columbiaasia.com','','','','','','','','9164339316',md5('39316'),'account_image.png','22','','0','hospital_user','')
INFO : ------------------------------------------
INFO : Date =>2016-01-06 17:48:26
INFO : Remote Address =>223.238.83.127
INFO : PHP Scritp Name =>/dual_referral_hospital_UI/hospital_user_registration_UI.php
INFO : Type of Request =>POST
INFO : insert query=>insert into doctor_stub (Doctor_Title,Doctor_name, Doctor_dob, Doctor_email, Doctor_specialization, Doctor_qualification, Doctor_HospitalName,Doctor_Country,Doctor_State,Doctor_City,Doctor_Address, Doctor_mobile_number, Doctor_password, Doctor_photograph,Doctor_yxp,license_number,visibility,type_value,country_code) values('Mr.','Santhosh Kumar','','cc.coordinator@columbiaasia.com','','','','','','','','9972866101',md5('6101'),'account_image.png','22','','0','hospital_user','')
INFO : ------------------------------------------
INFO : Date =>2016-01-06 22:25:19
INFO : Remote Address =>223.238.83.127
INFO : PHP Scritp Name =>/dual_referral_hospital_UI/hospital_user_registration_UI.php
INFO : Type of Request =>POST
INFO : insert query=>insert into doctor_stub (Doctor_Title,Doctor_name, Doctor_dob, Doctor_email, Doctor_specialization, Doctor_qualification, Doctor_HospitalName,Doctor_Country,Doctor_State,Doctor_City,Doctor_Address, Doctor_mobile_number, Doctor_password, Doctor_photograph,Doctor_yxp,license_number,visibility,type_value,country_code) values('Mr.','Aneet C Naik','','aneet.n@columbiaasia.com','','','','','','','','9739207004',md5('07004'),'account_image.png','21','','0','hospital_user','')
INFO : ------------------------------------------
INFO : Date =>2016-01-06 22:26:44
INFO : Remote Address =>223.238.83.127
INFO : PHP Scritp Name =>/dual_referral_hospital_UI/hospital_user_registration_UI.php
INFO : Type of Request =>POST
INFO : insert query=>insert into doctor_stub (Doctor_Title,Doctor_name, Doctor_dob, Doctor_email, Doctor_specialization, Doctor_qualification, Doctor_HospitalName,Doctor_Country,Doctor_State,Doctor_City,Doctor_Address, Doctor_mobile_number, Doctor_password, Doctor_photograph,Doctor_yxp,license_number,visibility,type_value,country_code) values('Mr.','Praveen.B','','praveen.b@columbiaasia.com','','','','','','','','9845297446',md5('97446'),'account_image.png','21','','0','hospital_user','')
