INFO : ------------------------------------------
INFO : Date =>2015-10-20 01:38:53
INFO : Remote Address =>122.176.2.91
INFO : PHP Scritp Name =>/dual_referral_sales/LOGIN_SALES
INFO : Type of Request =>POST
INFO : ------------------------------------------
INFO : Date =>2015-10-20 01:38:53
INFO : Remote Address =>122.176.2.91
INFO : PHP Scritp Name =>/dual_referral_sales/LOGIN_SALES
INFO : Type of Request =>POST
INFO : login with9876567890pass11111passResource id #9
INFO : login with sqlSELECT * FROM doctor_stub WHERE Doctor_mobile_number = '9876567890' AND BINARY Doctor_password = md5('11111') and type_value='hospital_user' and Doctor_unregistered='False' LIMIT 1=>row cnt=>1
INFO : _code......200get_status_message...OK_content_type....application/json
INFO : response{"status":"Success","doc_details":{"Doctor_serial_id":"126","Doctor_name":"Soham","Doctor_dob":"","Doctor_email":"soham@gmail.com","Doctor_specialization":"","Doctor_qualification":"","Doctor_HospitalName":"","Doctor_Country":"","Doctor_State":"","Doctor_City":"","Doctor_Address":"","Doctor_mobile_number":"9876567890","Doctor_password":"b0baee9d279d34fa1dfd71aadb908c3f","Doctor_photograph":"account_image.png","Doctor_yxp":"5","license_number":"","visibility":"0","my_type":"","country_code":"","type_value":"hospital_user","Doctor_login_enc_key":"0t06uakklw1um1jk","Doctor_unregistered":"False","reset_key":null}}
INFO : ------------------------------------------
INFO : Date =>2015-10-20 01:38:54
INFO : Remote Address =>122.176.2.91
INFO : PHP Scritp Name =>/dual_referral_sales/REGISTER_GCM
INFO : Type of Request =>POST
INFO : ------------------------------------------
INFO : Date =>2015-10-20 01:38:54
INFO : Remote Address =>122.176.2.91
INFO : PHP Scritp Name =>/dual_referral_sales/REGISTER_GCM
INFO : Type of Request =>POST
INFO : Calling REGISTER_GCM for doctor
INFO : login with0t06uakklw1um1jklogin_id126mobile-OSAndroid
INFO : _code......200get_status_message...OK_content_type....application/json
INFO : response{"status":"Success","msg":"Message from GCM server"}
INFO : ------------------------------------------
INFO : Date =>2015-10-20 01:38:54
INFO : Remote Address =>122.176.2.91
INFO : PHP Scritp Name =>/dual_referral_sales/GET_CLIENT_SALES
INFO : Type of Request =>POST
INFO : ------------------------------------------
INFO : Date =>2015-10-20 01:38:54
INFO : Remote Address =>122.176.2.91
INFO : PHP Scritp Name =>/dual_referral_sales/GET_CLIENT_SALES
INFO : Type of Request =>POST
INFO : Calling LOGIN_SALES for salesperson
INFO : login with0t06uakklw1um1jklogin_id126
INFO : get clients queryselect doctor_name,temp1.* from doctor_stub ds inner join (SELECT mapping_hospital_user_id,mapping_id,patient_stub_id,sales_view_flag,rm.timestamp as time, Patient_thread_id, Patient_Name,Patient_Age,Patient_Gender,Patient_Location,Patient_mobile_number,Patient_issue_notes,Reg_by_doc,Patient_defined_notes,doc_ref_id FROM `referral_mapping_patient_stub` rm inner join patient_stub ps on rm.patient_stub_id=ps.Patient_thread_id  where rm.mapping_hospital_user_id='126' order by rm.timestamp DESC)as temp1 on ds.Doctor_serial_id=temp1.Reg_by_doc
INFO : _code......204get_status_message...No Content_content_type....application/json
INFO : response{"status":"Success","msg":"Patients Not available"}
INFO : ------------------------------------------
INFO : Date =>2015-10-20 01:40:57
INFO : Remote Address =>122.176.2.91
INFO : PHP Scritp Name =>/dual_referral_sales/LOGIN_SALES
INFO : Type of Request =>POST
INFO : ------------------------------------------
INFO : Date =>2015-10-20 01:40:57
INFO : Remote Address =>122.176.2.91
INFO : PHP Scritp Name =>/dual_referral_sales/LOGIN_SALES
INFO : Type of Request =>POST
INFO : login with9812543423passtest1passResource id #8
INFO : login with sqlSELECT * FROM doctor_stub WHERE Doctor_mobile_number = '9812543423' AND BINARY Doctor_password = md5('test1') and type_value='hospital_user' and Doctor_unregistered='False' LIMIT 1=>row cnt=>0
INFO : _code......204get_status_message...No Content_content_type....application/json
INFO : response{"status":"Failed","msg":"Login Failure"}
INFO : ------------------------------------------
INFO : Date =>2015-10-20 08:22:12
INFO : Remote Address =>106.51.134.188
INFO : PHP Scritp Name =>/dual_referral_sales/LOGIN_SALES
INFO : Type of Request =>POST
INFO : ------------------------------------------
INFO : Date =>2015-10-20 08:22:12
INFO : Remote Address =>106.51.134.188
INFO : PHP Scritp Name =>/dual_referral_sales/LOGIN_SALES
INFO : Type of Request =>POST
INFO : login with9876567890pass11111passResource id #8
INFO : login with sqlSELECT * FROM doctor_stub WHERE Doctor_mobile_number = '9876567890' AND BINARY Doctor_password = md5('11111') and type_value='hospital_user' and Doctor_unregistered='False' LIMIT 1=>row cnt=>1
INFO : _code......200get_status_message...OK_content_type....application/json
INFO : response{"status":"Success","doc_details":{"Doctor_serial_id":"126","Doctor_name":"Soham","Doctor_dob":"","Doctor_email":"soham@gmail.com","Doctor_specialization":"","Doctor_qualification":"","Doctor_HospitalName":"","Doctor_Country":"","Doctor_State":"","Doctor_City":"","Doctor_Address":"","Doctor_mobile_number":"9876567890","Doctor_password":"b0baee9d279d34fa1dfd71aadb908c3f","Doctor_photograph":"account_image.png","Doctor_yxp":"5","license_number":"","visibility":"0","my_type":"","country_code":"","type_value":"hospital_user","Doctor_login_enc_key":"i7d52xk07j3aisuz","Doctor_unregistered":"False","reset_key":null}}
INFO : ------------------------------------------
INFO : Date =>2015-10-20 08:22:14
INFO : Remote Address =>106.51.134.188
INFO : PHP Scritp Name =>/dual_referral_sales/REGISTER_GCM
INFO : Type of Request =>POST
INFO : ------------------------------------------
INFO : Date =>2015-10-20 08:22:14
INFO : Remote Address =>106.51.134.188
INFO : PHP Scritp Name =>/dual_referral_sales/REGISTER_GCM
INFO : Type of Request =>POST
INFO : Calling REGISTER_GCM for doctor
INFO : login withi7d52xk07j3aisuzlogin_id126mobile-OSAndroid
INFO : _code......200get_status_message...OK_content_type....application/json
INFO : response{"status":"Success","msg":"Message from GCM server"}
INFO : ------------------------------------------
INFO : Date =>2015-10-20 08:22:14
INFO : Remote Address =>106.51.134.188
INFO : PHP Scritp Name =>/dual_referral_sales/GET_CLIENT_SALES
INFO : Type of Request =>POST
INFO : ------------------------------------------
INFO : Date =>2015-10-20 08:22:14
INFO : Remote Address =>106.51.134.188
INFO : PHP Scritp Name =>/dual_referral_sales/GET_CLIENT_SALES
INFO : Type of Request =>POST
INFO : Calling LOGIN_SALES for salesperson
INFO : login withi7d52xk07j3aisuzlogin_id126
INFO : get clients queryselect doctor_name,temp1.* from doctor_stub ds inner join (SELECT mapping_hospital_user_id,mapping_id,patient_stub_id,sales_view_flag,rm.timestamp as time, Patient_thread_id, Patient_Name,Patient_Age,Patient_Gender,Patient_Location,Patient_mobile_number,Patient_issue_notes,Reg_by_doc,Patient_defined_notes,doc_ref_id FROM `referral_mapping_patient_stub` rm inner join patient_stub ps on rm.patient_stub_id=ps.Patient_thread_id  where rm.mapping_hospital_user_id='126' order by rm.timestamp DESC)as temp1 on ds.Doctor_serial_id=temp1.Reg_by_doc
INFO : _code......204get_status_message...No Content_content_type....application/json
INFO : response{"status":"Success","msg":"Patients Not available"}
INFO : ------------------------------------------
INFO : Date =>2015-10-20 08:22:18
INFO : Remote Address =>106.51.134.188
INFO : PHP Scritp Name =>/dual_referral_sales/GET_CLIENT_SALES
INFO : Type of Request =>POST
INFO : ------------------------------------------
INFO : Date =>2015-10-20 08:22:18
INFO : Remote Address =>106.51.134.188
INFO : PHP Scritp Name =>/dual_referral_sales/GET_CLIENT_SALES
INFO : Type of Request =>POST
INFO : Calling LOGIN_SALES for salesperson
INFO : login withi7d52xk07j3aisuzlogin_id126
INFO : get clients queryselect doctor_name,temp1.* from doctor_stub ds inner join (SELECT mapping_hospital_user_id,mapping_id,patient_stub_id,sales_view_flag,rm.timestamp as time, Patient_thread_id, Patient_Name,Patient_Age,Patient_Gender,Patient_Location,Patient_mobile_number,Patient_issue_notes,Reg_by_doc,Patient_defined_notes,doc_ref_id FROM `referral_mapping_patient_stub` rm inner join patient_stub ps on rm.patient_stub_id=ps.Patient_thread_id  where rm.mapping_hospital_user_id='126' order by rm.timestamp DESC)as temp1 on ds.Doctor_serial_id=temp1.Reg_by_doc
INFO : _code......204get_status_message...No Content_content_type....application/json
INFO : response{"status":"Success","msg":"Patients Not available"}
INFO : ------------------------------------------
INFO : Date =>2015-10-20 13:04:51
INFO : Remote Address =>106.216.149.77
INFO : PHP Scritp Name =>/dual_referral_sales/GET_CLIENT_SALES
INFO : Type of Request =>POST
INFO : ------------------------------------------
INFO : Date =>2015-10-20 13:04:51
INFO : Remote Address =>106.216.149.77
INFO : PHP Scritp Name =>/dual_referral_sales/GET_CLIENT_SALES
INFO : Type of Request =>POST
INFO : Calling LOGIN_SALES for salesperson
INFO : login withi7d52xk07j3aisuzlogin_id126
INFO : get clients queryselect doctor_name,temp1.* from doctor_stub ds inner join (SELECT mapping_hospital_user_id,mapping_id,patient_stub_id,sales_view_flag,rm.timestamp as time, Patient_thread_id, Patient_Name,Patient_Age,Patient_Gender,Patient_Location,Patient_mobile_number,Patient_issue_notes,Reg_by_doc,Patient_defined_notes,doc_ref_id FROM `referral_mapping_patient_stub` rm inner join patient_stub ps on rm.patient_stub_id=ps.Patient_thread_id  where rm.mapping_hospital_user_id='126' order by rm.timestamp DESC)as temp1 on ds.Doctor_serial_id=temp1.Reg_by_doc
INFO : _code......204get_status_message...No Content_content_type....application/json
INFO : response{"status":"Success","msg":"Patients Not available"}
INFO : ------------------------------------------
INFO : Date =>2015-10-20 13:05:09
INFO : Remote Address =>106.216.149.77
INFO : PHP Scritp Name =>/dual_referral_sales/GET_CLIENT_SALES
INFO : Type of Request =>POST
INFO : ------------------------------------------
INFO : Date =>2015-10-20 13:05:09
INFO : Remote Address =>106.216.149.77
INFO : PHP Scritp Name =>/dual_referral_sales/GET_CLIENT_SALES
INFO : Type of Request =>POST
INFO : Calling LOGIN_SALES for salesperson
INFO : login withi7d52xk07j3aisuzlogin_id126
INFO : get clients queryselect doctor_name,temp1.* from doctor_stub ds inner join (SELECT mapping_hospital_user_id,mapping_id,patient_stub_id,sales_view_flag,rm.timestamp as time, Patient_thread_id, Patient_Name,Patient_Age,Patient_Gender,Patient_Location,Patient_mobile_number,Patient_issue_notes,Reg_by_doc,Patient_defined_notes,doc_ref_id FROM `referral_mapping_patient_stub` rm inner join patient_stub ps on rm.patient_stub_id=ps.Patient_thread_id  where rm.mapping_hospital_user_id='126' order by rm.timestamp DESC)as temp1 on ds.Doctor_serial_id=temp1.Reg_by_doc
INFO : _code......204get_status_message...No Content_content_type....application/json
INFO : response{"status":"Success","msg":"Patients Not available"}
INFO : ------------------------------------------
INFO : Date =>2015-10-20 23:09:35
INFO : Remote Address =>106.51.134.188
INFO : PHP Scritp Name =>/dual_referral_sales/LOGIN_SALES
INFO : Type of Request =>POST
INFO : ------------------------------------------
INFO : Date =>2015-10-20 23:09:35
INFO : Remote Address =>106.51.134.188
INFO : PHP Scritp Name =>/dual_referral_sales/LOGIN_SALES
INFO : Type of Request =>POST
INFO : login with9876567890pass11111passResource id #8
INFO : login with sqlSELECT * FROM doctor_stub WHERE Doctor_mobile_number = '9876567890' AND BINARY Doctor_password = md5('11111') and type_value='hospital_user' and Doctor_unregistered='False' LIMIT 1=>row cnt=>1
INFO : _code......200get_status_message...OK_content_type....application/json
INFO : response{"status":"Success","doc_details":{"Doctor_serial_id":"126","Doctor_name":"Soham","Doctor_dob":"","Doctor_email":"soham@gmail.com","Doctor_specialization":"","Doctor_qualification":"","Doctor_HospitalName":"","Doctor_Country":"","Doctor_State":"","Doctor_City":"","Doctor_Address":"","Doctor_mobile_number":"9876567890","Doctor_password":"b0baee9d279d34fa1dfd71aadb908c3f","Doctor_photograph":"account_image.png","Doctor_yxp":"5","license_number":"","visibility":"0","my_type":"","country_code":"","type_value":"hospital_user","Doctor_login_enc_key":"017ugy6yz8ezm8mq","Doctor_unregistered":"False","reset_key":null}}
INFO : ------------------------------------------
INFO : Date =>2015-10-20 23:09:36
INFO : Remote Address =>106.51.134.188
INFO : PHP Scritp Name =>/dual_referral_sales/REGISTER_GCM
INFO : Type of Request =>POST
INFO : ------------------------------------------
INFO : Date =>2015-10-20 23:09:36
INFO : Remote Address =>106.51.134.188
INFO : PHP Scritp Name =>/dual_referral_sales/REGISTER_GCM
INFO : Type of Request =>POST
INFO : Calling REGISTER_GCM for doctor
INFO : login with017ugy6yz8ezm8mqlogin_id126mobile-OSAndroid
INFO : _code......200get_status_message...OK_content_type....application/json
INFO : response{"status":"Success","msg":"Message from GCM server"}
INFO : ------------------------------------------
INFO : Date =>2015-10-20 23:09:36
INFO : Remote Address =>106.51.134.188
INFO : PHP Scritp Name =>/dual_referral_sales/GET_CLIENT_SALES
INFO : Type of Request =>POST
INFO : ------------------------------------------
INFO : Date =>2015-10-20 23:09:36
INFO : Remote Address =>106.51.134.188
INFO : PHP Scritp Name =>/dual_referral_sales/GET_CLIENT_SALES
INFO : Type of Request =>POST
INFO : Calling LOGIN_SALES for salesperson
INFO : login with017ugy6yz8ezm8mqlogin_id126
INFO : get clients queryselect doctor_name,temp1.* from doctor_stub ds inner join (SELECT mapping_hospital_user_id,mapping_id,patient_stub_id,sales_view_flag,rm.timestamp as time, Patient_thread_id, Patient_Name,Patient_Age,Patient_Gender,Patient_Location,Patient_mobile_number,Patient_issue_notes,Reg_by_doc,Patient_defined_notes,doc_ref_id FROM `referral_mapping_patient_stub` rm inner join patient_stub ps on rm.patient_stub_id=ps.Patient_thread_id  where rm.mapping_hospital_user_id='126' order by rm.timestamp DESC)as temp1 on ds.Doctor_serial_id=temp1.Reg_by_doc
INFO : _code......204get_status_message...No Content_content_type....application/json
INFO : response{"status":"Success","msg":"Patients Not available"}
INFO : ------------------------------------------
INFO : Date =>2015-10-20 23:21:17
INFO : Remote Address =>106.51.134.188
INFO : PHP Scritp Name =>/dual_referral_sales/GET_CLIENT_SALES
INFO : Type of Request =>POST
INFO : ------------------------------------------
INFO : Date =>2015-10-20 23:21:17
INFO : Remote Address =>106.51.134.188
INFO : PHP Scritp Name =>/dual_referral_sales/GET_CLIENT_SALES
INFO : Type of Request =>POST
INFO : Calling LOGIN_SALES for salesperson
INFO : login with017ugy6yz8ezm8mqlogin_id126
INFO : get clients queryselect doctor_name,temp1.* from doctor_stub ds inner join (SELECT mapping_hospital_user_id,mapping_id,patient_stub_id,sales_view_flag,rm.timestamp as time, Patient_thread_id, Patient_Name,Patient_Age,Patient_Gender,Patient_Location,Patient_mobile_number,Patient_issue_notes,Reg_by_doc,Patient_defined_notes,doc_ref_id FROM `referral_mapping_patient_stub` rm inner join patient_stub ps on rm.patient_stub_id=ps.Patient_thread_id  where rm.mapping_hospital_user_id='126' order by rm.timestamp DESC)as temp1 on ds.Doctor_serial_id=temp1.Reg_by_doc
INFO : _code......200get_status_message...OK_content_type....application/json
INFO : response{"status":"Success","msg":"Client Patients available","Pat_list":[{"doctor_name":"Sudhir Ranjan","mapping_hospital_user_id":"126","mapping_id":"12","patient_stub_id":"225","sales_view_flag":"0","time":"2015-10-20 13:49:21","Patient_thread_id":"225","Patient_Name":"Mona Singh","Patient_Age":"36","Patient_Gender":"Female","Patient_Location":"Hyderabad","Patient_mobile_number":"9852315468","Patient_issue_notes":"Dear Dr, Referring you this patient.Pls do the needful and let me know progress,through this app.Thanks","Reg_by_doc":"44","Patient_defined_notes":"Note","doc_ref_id":"56"}]}
INFO : ------------------------------------------
INFO : Date =>2015-10-20 23:23:08
INFO : Remote Address =>106.51.134.188
INFO : PHP Scritp Name =>/dual_referral_sales/MSG_API
INFO : Type of Request =>POST
INFO : ------------------------------------------
INFO : Date =>2015-10-20 23:23:08
INFO : Remote Address =>106.51.134.188
INFO : PHP Scritp Name =>/dual_referral_sales/MSG_API
INFO : Type of Request =>POST
INFO : Calling MSG_API for sales
INFO : login with017ugy6yz8ezm8mqlogin_id126pat_thrd_id225doc_idtest126
INFO : _code......200get_status_message...OK_content_type....application/json
INFO : response{"status":"Failure","msg":"Message is empty and new conversation"}
INFO : ------------------------------------------
INFO : Date =>2015-10-20 23:39:07
INFO : Remote Address =>106.51.134.188
INFO : PHP Scritp Name =>/dual_referral_sales/GET_CLIENT_SALES
INFO : Type of Request =>POST
INFO : ------------------------------------------
INFO : Date =>2015-10-20 23:39:07
INFO : Remote Address =>106.51.134.188
INFO : PHP Scritp Name =>/dual_referral_sales/GET_CLIENT_SALES
INFO : Type of Request =>POST
INFO : Calling LOGIN_SALES for salesperson
INFO : login with017ugy6yz8ezm8mqlogin_id126
INFO : get clients queryselect doctor_name,temp1.* from doctor_stub ds inner join (SELECT mapping_hospital_user_id,mapping_id,patient_stub_id,sales_view_flag,rm.timestamp as time, Patient_thread_id, Patient_Name,Patient_Age,Patient_Gender,Patient_Location,Patient_mobile_number,Patient_issue_notes,Reg_by_doc,Patient_defined_notes,doc_ref_id FROM `referral_mapping_patient_stub` rm inner join patient_stub ps on rm.patient_stub_id=ps.Patient_thread_id  where rm.mapping_hospital_user_id='126' order by rm.timestamp DESC)as temp1 on ds.Doctor_serial_id=temp1.Reg_by_doc
INFO : _code......200get_status_message...OK_content_type....application/json
INFO : response{"status":"Success","msg":"Client Patients available","Pat_list":[{"doctor_name":"Sudhir Ranjan","mapping_hospital_user_id":"126","mapping_id":"12","patient_stub_id":"226","sales_view_flag":"0","time":"2015-10-20 13:59:41","Patient_thread_id":"226","Patient_Name":"Pinku mane","Patient_Age":"32","Patient_Gender":"Male","Patient_Location":"Mumbai","Patient_mobile_number":"9632154789","Patient_issue_notes":"Dear Dr, Referring you this patient.Pls do the needful and let me know progress,through this app.Thanks","Reg_by_doc":"44","Patient_defined_notes":"Note","doc_ref_id":"56"},{"doctor_name":"Sudhir Ranjan","mapping_hospital_user_id":"126","mapping_id":"12","patient_stub_id":"225","sales_view_flag":"1","time":"2015-10-20 13:49:21","Patient_thread_id":"225","Patient_Name":"Mona Singh","Patient_Age":"36","Patient_Gender":"Female","Patient_Location":"Hyderabad","Patient_mobile_number":"9852315468","Patient_issue_notes":"Dear Dr, Referring you this patient.Pls do the needful and let me know progress,through this app.Thanks","Reg_by_doc":"44","Patient_defined_notes":"Note","doc_ref_id":"56"}]}
INFO : ------------------------------------------
INFO : Date =>2015-10-20 23:42:41
INFO : Remote Address =>106.51.134.188
INFO : PHP Scritp Name =>/dual_referral_sales/GET_CLIENT_SALES
INFO : Type of Request =>POST
INFO : ------------------------------------------
INFO : Date =>2015-10-20 23:42:41
INFO : Remote Address =>106.51.134.188
INFO : PHP Scritp Name =>/dual_referral_sales/GET_CLIENT_SALES
INFO : Type of Request =>POST
INFO : Calling LOGIN_SALES for salesperson
INFO : login with017ugy6yz8ezm8mqlogin_id126
INFO : get clients queryselect doctor_name,temp1.* from doctor_stub ds inner join (SELECT mapping_hospital_user_id,mapping_id,patient_stub_id,sales_view_flag,rm.timestamp as time, Patient_thread_id, Patient_Name,Patient_Age,Patient_Gender,Patient_Location,Patient_mobile_number,Patient_issue_notes,Reg_by_doc,Patient_defined_notes,doc_ref_id FROM `referral_mapping_patient_stub` rm inner join patient_stub ps on rm.patient_stub_id=ps.Patient_thread_id  where rm.mapping_hospital_user_id='126' order by rm.timestamp DESC)as temp1 on ds.Doctor_serial_id=temp1.Reg_by_doc
INFO : _code......200get_status_message...OK_content_type....application/json
INFO : response{"status":"Success","msg":"Client Patients available","Pat_list":[{"doctor_name":"Sudhir Ranjan","mapping_hospital_user_id":"126","mapping_id":"12","patient_stub_id":"227","sales_view_flag":"0","time":"2015-10-20 14:09:27","Patient_thread_id":"227","Patient_Name":"bharat jain","Patient_Age":"32","Patient_Gender":"Male","Patient_Location":"Pune","Patient_mobile_number":"9635287412","Patient_issue_notes":"Dear Dr, Referring you this patient.Pls do the needful and let me know progress,through this app.Thanks","Reg_by_doc":"44","Patient_defined_notes":"Note","doc_ref_id":"56"},{"doctor_name":"Sudhir Ranjan","mapping_hospital_user_id":"126","mapping_id":"12","patient_stub_id":"226","sales_view_flag":"1","time":"2015-10-20 13:59:41","Patient_thread_id":"226","Patient_Name":"Pinku mane","Patient_Age":"32","Patient_Gender":"Male","Patient_Location":"Mumbai","Patient_mobile_number":"9632154789","Patient_issue_notes":"Dear Dr, Referring you this patient.Pls do the needful and let me know progress,through this app.Thanks","Reg_by_doc":"44","Patient_defined_notes":"Note","doc_ref_id":"56"},{"doctor_name":"Sudhir Ranjan","mapping_hospital_user_id":"126","mapping_id":"12","patient_stub_id":"225","sales_view_flag":"1","time":"2015-10-20 13:49:21","Patient_thread_id":"225","Patient_Name":"Mona Singh","Patient_Age":"36","Patient_Gender":"Female","Patient_Location":"Hyderabad","Patient_mobile_number":"9852315468","Patient_issue_notes":"Dear Dr, Referring you this patient.Pls do the needful and let me know progress,through this app.Thanks","Reg_by_doc":"44","Patient_defined_notes":"Note","doc_ref_id":"56"}]}
INFO : ------------------------------------------
INFO : Date =>2015-10-20 23:47:04
INFO : Remote Address =>106.51.134.188
INFO : PHP Scritp Name =>/dual_referral_sales/GET_CLIENT_SALES
INFO : Type of Request =>POST
INFO : ------------------------------------------
INFO : Date =>2015-10-20 23:47:04
INFO : Remote Address =>106.51.134.188
INFO : PHP Scritp Name =>/dual_referral_sales/GET_CLIENT_SALES
INFO : Type of Request =>POST
INFO : Calling LOGIN_SALES for salesperson
INFO : login with017ugy6yz8ezm8mqlogin_id126
INFO : get clients queryselect doctor_name,temp1.* from doctor_stub ds inner join (SELECT mapping_hospital_user_id,mapping_id,patient_stub_id,sales_view_flag,rm.timestamp as time, Patient_thread_id, Patient_Name,Patient_Age,Patient_Gender,Patient_Location,Patient_mobile_number,Patient_issue_notes,Reg_by_doc,Patient_defined_notes,doc_ref_id FROM `referral_mapping_patient_stub` rm inner join patient_stub ps on rm.patient_stub_id=ps.Patient_thread_id  where rm.mapping_hospital_user_id='126' order by rm.timestamp DESC)as temp1 on ds.Doctor_serial_id=temp1.Reg_by_doc
INFO : _code......200get_status_message...OK_content_type....application/json
INFO : response{"status":"Success","msg":"Client Patients available","Pat_list":[{"doctor_name":"Sudhir Ranjan","mapping_hospital_user_id":"126","mapping_id":"12","patient_stub_id":"228","sales_view_flag":"0","time":"2015-10-20 14:16:42","Patient_thread_id":"228","Patient_Name":"Dortmund","Patient_Age":"36","Patient_Gender":"Male","Patient_Location":"Kolkata","Patient_mobile_number":"9652145365","Patient_issue_notes":"Dear Dr, Referring you this patient.Pls do the needful and let me know progress,through this app.Thanks","Reg_by_doc":"44","Patient_defined_notes":"Note","doc_ref_id":"56"},{"doctor_name":"Sudhir Ranjan","mapping_hospital_user_id":"126","mapping_id":"12","patient_stub_id":"227","sales_view_flag":"1","time":"2015-10-20 14:09:27","Patient_thread_id":"227","Patient_Name":"bharat jain","Patient_Age":"32","Patient_Gender":"Male","Patient_Location":"Pune","Patient_mobile_number":"9635287412","Patient_issue_notes":"Dear Dr, Referring you this patient.Pls do the needful and let me know progress,through this app.Thanks","Reg_by_doc":"44","Patient_defined_notes":"Note","doc_ref_id":"56"},{"doctor_name":"Sudhir Ranjan","mapping_hospital_user_id":"126","mapping_id":"12","patient_stub_id":"226","sales_view_flag":"1","time":"2015-10-20 13:59:41","Patient_thread_id":"226","Patient_Name":"Pinku mane","Patient_Age":"32","Patient_Gender":"Male","Patient_Location":"Mumbai","Patient_mobile_number":"9632154789","Patient_issue_notes":"Dear Dr, Referring you this patient.Pls do the needful and let me know progress,through this app.Thanks","Reg_by_doc":"44","Patient_defined_notes":"Note","doc_ref_id":"56"},{"doctor_name":"Sudhir Ranjan","mapping_hospital_user_id":"126","mapping_id":"12","patient_stub_id":"225","sales_view_flag":"1","time":"2015-10-20 13:49:21","Patient_thread_id":"225","Patient_Name":"Mona Singh","Patient_Age":"36","Patient_Gender":"Female","Patient_Location":"Hyderabad","Patient_mobile_number":"9852315468","Patient_issue_notes":"Dear Dr, Referring you this patient.Pls do the needful and let me know progress,through this app.Thanks","Reg_by_doc":"44","Patient_defined_notes":"Note","doc_ref_id":"56"}]}
