INFO : ------------------------------------------
INFO : Date =>2016-01-06 22:06:11
INFO : Remote Address =>175.100.141.149
INFO : PHP Scritp Name =>/dual_referral_sales/LOGIN_SALES
INFO : Type of Request =>POST
INFO : ------------------------------------------
INFO : Date =>2016-01-06 22:06:11
INFO : Remote Address =>175.100.141.149
INFO : PHP Scritp Name =>/dual_referral_sales/LOGIN_SALES
INFO : Type of Request =>POST
INFO : login with8050745242pass80507passResource id #8
INFO : login with sqlSELECT * FROM doctor_stub WHERE Doctor_mobile_number = '8050745242' AND BINARY Doctor_password = md5('80507') and type_value='hospital_user' and Doctor_unregistered='False' LIMIT 1=>row cnt=>1
INFO : _code......200get_status_message...OK_content_type....application/json
INFO : response{"status":"Success","doc_details":{"Doctor_serial_id":"325","Doctor_Title":"Mr.","Doctor_name":"Satyanarayana","Doctor_dob":"","Doctor_email":"satyanarayan.s@columbiaasia.com","Doctor_specialization":"","Doctor_qualification":"","Doctor_HospitalName":"","Doctor_Country":"","Doctor_State":"","Doctor_City":"","Doctor_Address":"","Doctor_mobile_number":"8050745242","Doctor_password":"0130769689fc487f3a17c0535d859cd9","Doctor_photograph":"account_image.png","Doctor_yxp":"19","license_number":"","visibility":"0","my_type":"","country_code":"","type_value":"hospital_user","Doctor_login_enc_key":"be17l7a7ru0a1jjj","Doctor_unregistered":"False","reset_key":null}}
INFO : ------------------------------------------
INFO : Date =>2016-01-06 22:06:11
INFO : Remote Address =>175.100.141.149
INFO : PHP Scritp Name =>/dual_referral_sales/REGISTER_GCM
INFO : Type of Request =>POST
INFO : ------------------------------------------
INFO : Date =>2016-01-06 22:06:11
INFO : Remote Address =>175.100.141.149
INFO : PHP Scritp Name =>/dual_referral_sales/REGISTER_GCM
INFO : Type of Request =>POST
INFO : Calling REGISTER_GCM for doctor
INFO : login withbe17l7a7ru0a1jjjlogin_id325mobile-OSAndroid
INFO : _code......200get_status_message...OK_content_type....application/json
INFO : response{"status":"Success","msg":"Message from GCM server"}
INFO : ------------------------------------------
INFO : Date =>2016-01-06 22:06:12
INFO : Remote Address =>175.100.141.149
INFO : PHP Scritp Name =>/dual_referral_sales/GET_CLIENT_SALES
INFO : Type of Request =>POST
INFO : ------------------------------------------
INFO : Date =>2016-01-06 22:06:12
INFO : Remote Address =>175.100.141.149
INFO : PHP Scritp Name =>/dual_referral_sales/GET_CLIENT_SALES
INFO : Type of Request =>POST
INFO : Calling LOGIN_SALES for salesperson
INFO : login withbe17l7a7ru0a1jjjlogin_id325
INFO : get clients queryselect doctor_name,temp1.* from doctor_stub ds inner join (SELECT mapping_hospital_user_id,mapping_id,patient_stub_id,sales_view_flag,rm.timestamp as time, Patient_thread_id, Patient_Name,Patient_Age,Patient_Gender,Patient_Location,Patient_mobile_number,Patient_issue_notes,Reg_by_doc,Patient_defined_notes,doc_ref_id FROM `referral_mapping_patient_stub` rm inner join patient_stub ps on rm.patient_stub_id=ps.Patient_thread_id  where rm.mapping_hospital_user_id='325' order by rm.timestamp DESC)as temp1 on ds.Doctor_serial_id=temp1.Reg_by_doc
INFO : _code......200get_status_message...OK_content_type....application/json
INFO : response{"status":"Success","msg":"Client Patients available","Pat_list":[{"doctor_name":"Dr m.a razzak","mapping_hospital_user_id":"325","mapping_id":"40","patient_stub_id":"617","sales_view_flag":"1","time":"2016-01-02 02:00:18","Patient_thread_id":"617","Patient_Name":"Katti Mani","Patient_Age":"62","Patient_Gender":"Male","Patient_Location":"Marathahalli","Patient_mobile_number":"8686374719","Patient_issue_notes":"Cardiac issues","Reg_by_doc":"331","Patient_defined_notes":"Cardiac issues","doc_ref_id":"324"},{"doctor_name":"Dr m.a razzak","mapping_hospital_user_id":"325","mapping_id":"40","patient_stub_id":"608","sales_view_flag":"1","time":"2016-01-02 01:37:08","Patient_thread_id":"608","Patient_Name":"Mogalabi","Patient_Age":"38","Patient_Gender":"Female","Patient_Location":"Marathahalli","Patient_mobile_number":"8686374719","Patient_issue_notes":"Self fall down","Reg_by_doc":"331","Patient_defined_notes":"Self fall down","doc_ref_id":"324"},{"doctor_name":"Dr m.a razzak","mapping_hospital_user_id":"325","mapping_id":"40","patient_stub_id":"604","sales_view_flag":"1","time":"2016-01-02 01:25:10","Patient_thread_id":"604","Patient_Name":"Kavitha","Patient_Age":"39","Patient_Gender":"Female","Patient_Location":"Marathahalli","Patient_mobile_number":"8686374719","Patient_issue_notes":"Sever Back Pain","Reg_by_doc":"331","Patient_defined_notes":"Sever Back Pain","doc_ref_id":"324"},{"doctor_name":"Shashi","mapping_hospital_user_id":"325","mapping_id":"41","patient_stub_id":"588","sales_view_flag":"1","time":"2016-01-01 01:27:06","Patient_thread_id":"588","Patient_Name":"krishna","Patient_Age":"36","Patient_Gender":"Male","Patient_Location":"bangalore","Patient_mobile_number":"9880130842","Patient_issue_notes":"Serious","Reg_by_doc":"2","Patient_defined_notes":"Dear Dr, Referring you this patient. Please do the needful and let me know progress, through this app. Thanks","doc_ref_id":"324"},{"doctor_name":"Shashi","mapping_hospital_user_id":"325","mapping_id":"41","patient_stub_id":"587","sales_view_flag":"1","time":"2016-01-01 01:16:10","Patient_thread_id":"587","Patient_Name":"ram s","Patient_Age":"36","Patient_Gender":"Male","Patient_Location":"Bangalore","Patient_mobile_number":"9880130842","Patient_issue_notes":"Dear Dr, Referring you this patient.Pls do the needful and let me know progress,through this app.Thanks","Reg_by_doc":"2","Patient_defined_notes":"Note","doc_ref_id":"324"},{"doctor_name":"Dr m.a razzak","mapping_hospital_user_id":"325","mapping_id":"40","patient_stub_id":"583","sales_view_flag":"1","time":"2015-12-31 11:53:31","Patient_thread_id":"583","Patient_Name":"dinesh","Patient_Age":"2","Patient_Gender":"Male","Patient_Location":"satya","Patient_mobile_number":"8686374719","Patient_issue_notes":"Dear Dr, Referring you this patient.Pls do the needful and let me know progress,through this app.Thanks","Reg_by_doc":"331","Patient_defined_notes":"Note","doc_ref_id":"324"}]}
